SF:lib\data\datasources\tv_local_data_source.dart
DA:15,1
DA:17,1
DA:20,2
DA:23,2
DA:27,1
DA:30,2
DA:33,2
DA:37,1
DA:39,2
DA:41,1
DA:47,1
DA:49,2
DA:50,4
LF:13
LH:13
end_of_record
SF:lib\data\models\tv_table.dart
DA:11,11
DA:18,2
DA:19,1
DA:20,1
DA:21,1
DA:22,1
DA:24,2
DA:25,1
DA:26,1
DA:27,1
DA:28,1
DA:31,0
DA:32,0
DA:33,0
DA:34,0
DA:35,0
DA:38,2
DA:39,1
DA:40,1
DA:41,1
DA:42,1
DA:45,2
DA:46,10
LF:23
LH:18
end_of_record
SF:lib\domain\entities\season.dart
DA:4,10
DA:16,1
DA:17,1
DA:18,1
DA:19,1
DA:20,1
DA:21,1
LF:7
LH:7
end_of_record
SF:lib\domain\entities\tv.dart
DA:5,8
DA:21,2
DA:42,2
DA:43,2
DA:44,2
DA:45,2
DA:46,2
DA:47,2
DA:48,2
DA:49,2
DA:50,2
DA:51,2
DA:52,2
DA:53,2
DA:54,2
DA:55,2
DA:56,2
LF:17
LH:17
end_of_record
SF:lib\domain\entities\tv_detail.dart
DA:6,10
DA:26,1
DA:27,1
DA:28,1
DA:29,1
DA:30,1
DA:31,1
DA:32,1
DA:33,1
DA:34,1
DA:35,1
LF:11
LH:11
end_of_record
SF:lib\data\datasources\db\tv_database_helper.dart
DA:6,0
DA:10,0
DA:11,0
DA:15,0
DA:16,0
DA:22,0
DA:23,0
DA:24,0
DA:26,0
DA:30,0
DA:31,0
DA:38,0
DA:41,0
DA:42,0
DA:43,0
DA:46,0
DA:47,0
DA:48,0
DA:51,0
DA:55,0
DA:56,0
DA:57,0
DA:60,0
DA:63,0
DA:64,0
DA:70,0
DA:71,0
DA:72,0
LF:28
LH:0
end_of_record
SF:lib\data\datasources\tv_remote_data_source.dart
DA:26,1
DA:28,1
DA:31,4
DA:33,2
DA:34,4
DA:36,1
DA:40,1
DA:42,4
DA:44,2
DA:45,4
DA:47,1
DA:51,1
DA:54,4
DA:56,2
DA:57,4
DA:59,1
DA:63,1
DA:65,4
DA:67,2
DA:68,3
DA:70,1
DA:74,1
DA:77,4
DA:79,2
DA:80,4
DA:82,1
DA:86,1
DA:89,4
DA:91,2
DA:92,4
DA:94,1
LF:31
LH:31
end_of_record
SF:lib\data\models\tv_detail_model.dart
DA:7,2
DA:27,1
DA:28,1
DA:29,1
DA:30,1
DA:31,1
DA:32,1
DA:33,1
DA:34,1
DA:35,1
DA:36,4
DA:37,1
DA:38,4
DA:41,0
DA:42,0
DA:43,0
DA:44,0
DA:45,0
DA:46,0
DA:47,0
DA:48,0
DA:49,0
DA:52,1
DA:53,1
DA:54,1
DA:55,1
DA:56,1
DA:57,1
DA:58,1
DA:59,1
DA:60,5
DA:61,5
DA:65,1
DA:66,1
DA:67,1
DA:68,1
DA:69,1
DA:70,1
DA:71,1
DA:72,1
DA:73,1
DA:74,1
LF:42
LH:33
end_of_record
SF:lib\data\models\tv_model.dart
DA:5,5
DA:35,4
DA:36,2
DA:37,2
DA:38,8
DA:39,2
DA:40,2
DA:41,8
DA:42,2
DA:43,2
DA:44,2
DA:45,4
DA:46,2
DA:47,4
DA:48,2
DA:51,2
DA:52,1
DA:53,1
DA:54,4
DA:55,1
DA:56,1
DA:57,4
DA:58,1
DA:59,1
DA:60,1
DA:61,1
DA:62,1
DA:63,1
DA:64,1
DA:67,2
DA:68,2
DA:69,2
DA:70,2
DA:71,2
DA:72,2
DA:73,2
DA:74,2
DA:75,2
DA:76,2
DA:77,2
DA:78,2
DA:79,2
DA:80,2
DA:81,2
DA:85,2
DA:86,2
DA:87,2
DA:88,2
DA:89,2
DA:90,2
DA:91,2
DA:92,2
DA:93,2
DA:94,2
DA:95,2
DA:96,2
DA:97,2
DA:98,2
DA:99,2
LF:59
LH:59
end_of_record
SF:lib\data\models\tv_response.dart
DA:7,3
DA:9,4
DA:10,4
DA:11,6
DA:12,6
DA:15,2
DA:16,5
DA:19,1
DA:20,2
LF:9
LH:9
end_of_record
SF:lib\data\models\season_model.dart
DA:5,2
DA:17,2
DA:18,1
DA:19,1
DA:20,1
DA:21,1
DA:24,0
DA:25,0
DA:26,0
DA:29,1
DA:30,1
DA:31,1
DA:32,1
DA:33,1
DA:34,1
DA:38,1
DA:39,1
DA:40,1
DA:41,1
DA:42,1
DA:43,1
LF:21
LH:18
end_of_record
SF:lib\data\repositories\tv_repository_impl.dart
DA:17,1
DA:22,1
DA:25,2
DA:26,5
DA:27,1
DA:29,1
DA:34,1
DA:37,2
DA:38,5
DA:39,1
DA:41,1
DA:46,1
DA:49,2
DA:50,5
DA:51,1
DA:53,1
DA:58,1
DA:61,2
DA:62,2
DA:63,1
DA:65,1
DA:70,1
DA:73,2
DA:74,3
DA:75,1
DA:77,1
DA:82,1
DA:85,2
DA:86,5
DA:87,1
DA:89,1
DA:94,1
DA:98,3
DA:99,1
DA:100,1
DA:101,3
DA:107,1
DA:111,3
DA:112,1
DA:113,1
DA:114,3
DA:118,1
DA:120,2
DA:124,1
DA:126,2
DA:127,5
LF:46
LH:46
end_of_record
SF:lib\domain\usecases\get_now_playing_tv.dart
DA:9,1
DA:11,1
DA:12,2
LF:3
LH:3
end_of_record
SF:lib\domain\usecases\get_popular_tv.dart
DA:9,1
DA:11,1
DA:12,2
LF:3
LH:3
end_of_record
SF:lib\domain\usecases\get_top_rated_tv.dart
DA:9,1
DA:11,1
DA:12,2
LF:3
LH:3
end_of_record
SF:lib\domain\usecases\get_tv_detail.dart
DA:9,1
DA:11,1
DA:12,2
LF:3
LH:3
end_of_record
SF:lib\domain\usecases\get_tv_recommendation.dart
DA:9,1
DA:11,1
DA:12,2
LF:3
LH:3
end_of_record
SF:lib\domain\usecases\get_watchlist_tv_status.dart
DA:6,1
DA:8,1
DA:9,2
LF:3
LH:3
end_of_record
SF:lib\domain\usecases\tv_remove_watchlist.dart
DA:9,1
DA:11,1
DA:12,2
LF:3
LH:3
end_of_record
SF:lib\domain\usecases\tv_save_watchlist.dart
DA:9,1
DA:11,1
DA:12,2
LF:3
LH:3
end_of_record
SF:lib\presentation\pages\top_rated_tv_page.dart
DA:12,1
DA:14,1
DA:15,1
DA:19,1
DA:21,1
DA:22,2
DA:23,2
DA:24,1
DA:27,1
DA:29,1
DA:30,1
DA:33,1
DA:35,1
DA:36,1
DA:37,2
DA:41,2
DA:42,1
DA:43,0
DA:44,0
DA:45,0
DA:47,2
DA:50,1
DA:52,2
LF:23
LH:20
end_of_record
SF:lib\presentation\provider\top_rated_tv_notifier.dart
DA:9,1
DA:12,2
DA:15,2
DA:18,2
DA:20,1
DA:21,1
DA:22,1
DA:24,2
DA:26,1
DA:27,1
DA:28,2
DA:29,1
DA:30,1
DA:32,1
DA:33,1
DA:34,1
DA:35,1
LF:17
LH:17
end_of_record
SF:lib\presentation\widgets\tv_card_list.dart
DA:10,0
DA:12,0
DA:14,0
DA:16,0
DA:17,0
DA:18,0
DA:21,0
DA:24,0
DA:26,0
DA:27,0
DA:28,0
DA:34,0
DA:36,0
DA:37,0
DA:38,0
DA:41,0
DA:44,0
DA:45,0
DA:53,0
DA:58,0
DA:60,0
DA:61,0
DA:63,0
DA:66,0
LF:24
LH:0
end_of_record
SF:lib\presentation\pages\tv_detail_page.dart
DA:18,1
DA:20,1
DA:21,1
DA:25,1
DA:27,1
DA:28,2
DA:29,2
DA:30,3
DA:31,2
DA:32,3
DA:36,1
DA:38,1
DA:39,1
DA:40,1
DA:41,2
DA:45,2
DA:46,1
DA:47,1
DA:48,1
DA:50,1
DA:51,1
DA:55,0
DA:68,1
DA:71,1
DA:73,3
DA:74,1
DA:75,1
DA:76,1
DA:77,3
DA:79,1
DA:82,0
DA:84,1
DA:86,1
DA:87,1
DA:88,1
DA:89,1
DA:99,1
DA:100,1
DA:101,1
DA:103,1
DA:105,1
DA:107,1
DA:108,1
DA:109,2
DA:110,1
DA:112,1
DA:113,1
DA:114,1
DA:115,1
DA:117,2
DA:119,0
DA:121,0
DA:124,1
DA:127,1
DA:129,1
DA:132,1
DA:135,2
DA:136,2
DA:138,1
DA:140,1
DA:141,1
DA:142,1
DA:147,1
DA:149,1
DA:150,1
DA:157,1
DA:158,3
DA:160,1
DA:161,1
DA:162,1
DA:163,3
DA:165,1
DA:171,4
DA:175,1
DA:177,1
DA:179,1
DA:180,2
DA:183,1
DA:185,1
DA:187,1
DA:189,1
DA:191,3
DA:192,1
DA:193,4
DA:194,1
DA:195,1
DA:196,1
DA:198,1
DA:203,1
DA:205,5
DA:206,1
DA:212,0
DA:217,1
DA:220,1
DA:221,1
DA:222,10
DA:228,0
DA:229,0
DA:230,0
DA:232,0
DA:237,0
DA:240,0
DA:243,0
DA:244,0
DA:245,0
DA:257,1
DA:259,1
DA:261,1
DA:262,1
DA:263,2
DA:268,2
DA:270,0
DA:271,2
DA:273,1
DA:275,1
DA:277,0
DA:278,0
DA:279,0
DA:281,0
DA:282,0
DA:283,0
DA:286,0
DA:289,0
DA:294,0
DA:296,0
DA:297,0
DA:303,0
DA:310,2
DA:314,0
DA:322,1
DA:324,1
DA:337,1
DA:339,1
DA:342,1
DA:344,0
DA:345,0
DA:354,1
DA:356,2
DA:357,3
DA:360,1
DA:364,3
LF:141
LH:111
end_of_record
SF:lib\presentation\provider\tv_detail_notifier.dart
DA:21,1
DA:30,2
DA:33,2
DA:36,2
DA:39,2
DA:42,2
DA:45,2
DA:47,1
DA:48,1
DA:49,1
DA:50,2
DA:51,2
DA:52,1
DA:53,1
DA:54,1
DA:55,2
DA:56,1
DA:58,1
DA:59,1
DA:60,1
DA:61,1
DA:62,1
DA:63,1
DA:64,1
DA:65,2
DA:67,1
DA:68,1
DA:69,1
DA:72,1
DA:73,1
DA:79,2
DA:81,1
DA:82,2
DA:84,1
DA:85,1
DA:86,2
DA:88,1
DA:89,1
DA:93,2
DA:96,1
DA:97,2
DA:99,1
DA:100,0
DA:101,0
DA:103,1
DA:104,1
DA:108,2
DA:111,1
DA:112,2
DA:113,1
DA:114,1
LF:51
LH:49
end_of_record
SF:lib\domain\usecases\get_watchlist_tv.dart
DA:9,1
DA:11,1
DA:12,2
LF:3
LH:3
end_of_record
SF:lib\domain\usecases\search_tv.dart
DA:9,1
DA:11,1
DA:12,2
LF:3
LH:3
end_of_record
SF:lib\presentation\pages\popular_tv_page.dart
DA:12,1
DA:14,1
DA:15,1
DA:19,1
DA:21,1
DA:22,2
DA:23,2
DA:24,1
DA:27,1
DA:29,1
DA:30,1
DA:33,1
DA:35,1
DA:36,1
DA:37,2
DA:41,2
DA:42,1
DA:43,0
DA:44,0
DA:45,0
DA:47,2
DA:50,1
DA:52,2
LF:23
LH:20
end_of_record
SF:lib\presentation\provider\popular_tv_notifier.dart
DA:9,1
DA:12,2
DA:15,2
DA:18,2
DA:20,1
DA:21,1
DA:22,1
DA:24,2
DA:26,1
DA:27,1
DA:28,2
DA:29,1
DA:30,1
DA:32,1
DA:33,1
DA:34,1
DA:35,1
LF:17
LH:17
end_of_record
SF:lib\presentation\provider\tv_list_notifier.dart
DA:10,2
DA:13,2
DA:16,2
DA:19,2
DA:22,2
DA:25,2
DA:28,2
DA:30,1
DA:40,1
DA:41,1
DA:42,1
DA:44,2
DA:45,1
DA:46,1
DA:47,1
DA:48,2
DA:49,1
DA:51,1
DA:52,1
DA:53,1
DA:54,1
DA:59,1
DA:60,1
DA:61,1
DA:63,2
DA:64,1
DA:65,1
DA:66,1
DA:67,2
DA:68,1
DA:70,1
DA:71,1
DA:72,1
DA:73,1
DA:78,1
DA:79,1
DA:80,1
DA:82,2
DA:83,2
DA:84,1
DA:85,2
DA:86,1
DA:87,1
DA:88,1
DA:89,1
DA:90,1
LF:46
LH:46
end_of_record
SF:lib\presentation\provider\tv_search_notifier.dart
DA:9,1
DA:12,2
DA:15,2
DA:18,2
DA:20,1
DA:21,1
DA:22,1
DA:24,2
DA:25,1
DA:26,1
DA:27,2
DA:28,1
DA:29,1
DA:31,1
DA:32,1
DA:33,1
DA:34,1
LF:17
LH:17
end_of_record
SF:lib\presentation\provider\watchlist_tv_notifier.dart
DA:8,2
DA:11,2
DA:14,2
DA:16,1
DA:20,1
DA:21,1
DA:22,1
DA:24,2
DA:25,1
DA:26,1
DA:27,1
DA:28,2
DA:29,1
DA:31,1
DA:32,1
DA:33,1
DA:34,1
LF:17
LH:17
end_of_record
