SF:./movie/lib\data\datasources\movie_local_data_source.dart
DA:15,1
DA:17,1
DA:20,2
DA:23,2
DA:27,1
DA:30,2
DA:33,2
DA:37,1
DA:39,2
DA:41,1
DA:47,1
DA:49,2
DA:50,4
LF:13
LH:13
end_of_record
SF:./movie/lib\data\models\movie_table.dart
DA:11,11
DA:18,2
DA:19,1
DA:20,1
DA:21,1
DA:22,1
DA:25,2
DA:26,1
DA:27,1
DA:28,1
DA:29,1
DA:32,0
DA:33,0
DA:34,0
DA:35,0
DA:36,0
DA:39,2
DA:40,1
DA:41,1
DA:42,1
DA:43,1
DA:46,2
DA:49,10
LF:23
LH:18
end_of_record
SF:./movie/lib\domain\entities\movie.dart
DA:5,8
DA:21,1
DA:42,4
DA:43,4
DA:44,4
DA:45,4
DA:46,4
DA:47,4
DA:48,4
DA:49,4
DA:50,4
DA:51,4
DA:52,4
DA:53,4
DA:54,4
DA:55,4
DA:56,4
LF:17
LH:17
end_of_record
SF:./movie/lib\domain\entities\movie_detail.dart
DA:5,11
DA:33,2
DA:34,2
DA:35,2
DA:36,2
DA:37,2
DA:38,2
DA:39,2
DA:40,2
DA:41,2
DA:42,2
DA:43,2
DA:44,2
DA:45,2
LF:14
LH:14
end_of_record
SF:./movie/lib\data\datasources\db\database_helper.dart
DA:8,0
DA:12,0
DA:16,0
DA:17,0
DA:23,0
DA:24,0
DA:25,0
DA:27,0
DA:31,0
DA:32,0
DA:39,0
DA:42,0
DA:43,0
DA:44,0
DA:47,0
DA:48,0
DA:49,0
DA:52,0
DA:56,0
DA:57,0
DA:58,0
DA:61,0
DA:64,0
DA:65,0
DA:71,0
DA:72,0
DA:73,0
LF:27
LH:0
end_of_record
SF:./movie/lib\data\datasources\movie_remote_data_source.dart
DA:26,1
DA:28,1
DA:31,4
DA:33,2
DA:34,4
DA:36,1
DA:40,1
DA:43,4
DA:45,2
DA:46,3
DA:48,1
DA:52,1
DA:54,1
DA:55,3
DA:57,2
DA:58,4
DA:60,1
DA:64,1
DA:67,4
DA:69,2
DA:70,4
DA:72,1
DA:76,1
DA:79,4
DA:81,2
DA:82,4
DA:84,1
DA:88,1
DA:90,1
DA:91,3
DA:93,2
DA:94,4
DA:96,1
LF:33
LH:33
end_of_record
SF:./movie/lib\data\models\movie_detail_model.dart
DA:6,2
DA:52,1
DA:53,1
DA:54,1
DA:55,1
DA:56,1
DA:57,1
DA:58,4
DA:59,1
DA:60,1
DA:61,1
DA:62,1
DA:63,1
DA:64,1
DA:65,2
DA:66,1
DA:67,1
DA:68,1
DA:69,1
DA:70,1
DA:71,1
DA:72,1
DA:73,1
DA:74,2
DA:75,1
DA:78,0
DA:79,0
DA:80,0
DA:81,0
DA:82,0
DA:83,0
DA:84,0
DA:85,0
DA:86,0
DA:87,0
DA:88,0
DA:89,0
DA:90,0
DA:91,0
DA:92,0
DA:93,0
DA:94,0
DA:95,0
DA:96,0
DA:97,0
DA:98,0
DA:99,0
DA:102,1
DA:103,1
DA:104,1
DA:105,1
DA:106,5
DA:107,1
DA:108,1
DA:109,1
DA:110,1
DA:111,1
DA:112,1
DA:113,1
DA:114,1
DA:115,1
DA:119,1
DA:122,1
DA:123,1
DA:124,1
DA:125,1
DA:126,1
DA:127,1
DA:128,1
DA:129,1
DA:130,1
DA:131,1
DA:132,1
DA:133,1
DA:134,1
DA:135,1
DA:136,1
DA:137,1
DA:138,1
DA:139,1
DA:140,1
DA:141,1
DA:142,1
DA:143,1
LF:84
LH:62
end_of_record
SF:./movie/lib\data\models\movie_model.dart
DA:5,5
DA:35,4
DA:36,2
DA:37,2
DA:38,8
DA:39,2
DA:40,2
DA:41,2
DA:42,4
DA:43,2
DA:44,2
DA:45,2
DA:46,2
DA:47,4
DA:48,2
DA:51,2
DA:52,1
DA:53,1
DA:54,4
DA:55,1
DA:56,1
DA:57,1
DA:58,1
DA:59,1
DA:60,1
DA:61,1
DA:62,1
DA:63,1
DA:64,1
DA:67,2
DA:68,2
DA:69,2
DA:70,2
DA:71,2
DA:72,2
DA:73,2
DA:74,2
DA:75,2
DA:76,2
DA:77,2
DA:78,2
DA:79,2
DA:80,2
DA:81,2
DA:85,2
DA:86,2
DA:87,2
DA:88,2
DA:89,2
DA:90,2
DA:91,2
DA:92,2
DA:93,2
DA:94,2
DA:95,2
DA:96,2
DA:97,2
DA:98,2
DA:99,2
LF:59
LH:59
end_of_record
SF:./movie/lib\data\models\movie_response.dart
DA:7,3
DA:9,4
DA:10,4
DA:11,6
DA:12,6
DA:15,2
DA:16,5
DA:19,1
DA:20,2
LF:9
LH:9
end_of_record
SF:./movie/lib\domain\usecases\get_movie_detail.dart
DA:9,1
DA:11,1
DA:12,2
LF:3
LH:3
end_of_record
SF:./movie/lib\domain\usecases\get_movie_recommendations.dart
DA:9,1
DA:11,1
DA:12,2
LF:3
LH:3
end_of_record
SF:./movie/lib\domain\usecases\get_now_playing_movies.dart
DA:9,1
DA:11,1
DA:12,2
LF:3
LH:3
end_of_record
SF:./movie/lib\domain\usecases\get_popular_movies.dart
DA:9,1
DA:11,1
DA:12,2
LF:3
LH:3
end_of_record
SF:./movie/lib\domain\usecases\get_top_rated_movies.dart
DA:9,1
DA:11,1
DA:12,2
LF:3
LH:3
end_of_record
SF:./movie/lib\domain\usecases\get_watchlist_movies.dart
DA:9,1
DA:11,1
DA:12,2
LF:3
LH:3
end_of_record
SF:./movie/lib\domain\usecases\get_watchlist_status.dart
DA:6,1
DA:8,1
DA:9,2
LF:3
LH:3
end_of_record
SF:./movie/lib\domain\usecases\remove_watchlist.dart
DA:9,1
DA:11,1
DA:12,2
LF:3
LH:3
end_of_record
SF:./movie/lib\domain\usecases\save_watchlist.dart
DA:9,1
DA:11,1
DA:12,2
LF:3
LH:3
end_of_record
SF:./movie/lib\data\repositories\movie_repository_impl.dart
DA:17,1
DA:22,1
DA:25,2
DA:26,5
DA:27,1
DA:29,1
DA:34,1
DA:37,2
DA:38,2
DA:39,1
DA:41,1
DA:46,1
DA:49,2
DA:50,3
DA:51,1
DA:53,1
DA:58,1
DA:61,2
DA:62,5
DA:63,1
DA:65,1
DA:70,1
DA:73,2
DA:74,5
DA:75,1
DA:77,1
DA:82,1
DA:85,2
DA:86,5
DA:87,1
DA:89,1
DA:94,1
DA:98,3
DA:99,1
DA:100,1
DA:101,3
DA:107,1
DA:111,3
DA:112,1
DA:113,1
DA:114,3
DA:118,1
DA:120,2
DA:124,1
DA:126,2
DA:127,5
LF:46
LH:46
end_of_record
SF:./movie/lib\domain\usecases\search_movies.dart
DA:9,1
DA:11,1
DA:12,2
LF:3
LH:3
end_of_record
SF:./movie/lib\presentation\bloc\search\movie_search_event.dart
DA:4,1
DA:6,0
DA:7,0
DA:13,1
DA:15,0
DA:16,0
LF:6
LH:2
end_of_record
SF:./movie/lib\presentation\bloc\search\movie_search_state.dart
DA:4,1
DA:6,1
DA:7,1
DA:17,0
DA:19,0
DA:20,0
DA:26,1
DA:28,1
DA:29,2
LF:9
LH:6
end_of_record
SF:./movie/lib\presentation\bloc\search\movie_search_bloc.dart
DA:13,3
DA:14,2
DA:15,1
DA:17,2
DA:18,2
DA:20,1
DA:21,0
DA:22,0
DA:24,1
DA:25,2
DA:28,1
DA:30,1
DA:31,3
LF:13
LH:11
end_of_record
SF:./movie/lib\presentation\bloc\movie\movie_bloc.dart
DA:21,3
DA:22,2
DA:23,2
DA:24,2
DA:26,1
DA:27,1
DA:28,3
DA:30,1
DA:31,2
DA:41,3
DA:42,2
DA:43,2
DA:44,2
DA:46,1
DA:47,1
DA:48,3
DA:50,1
DA:51,2
DA:61,3
DA:62,2
DA:63,2
DA:64,2
DA:66,1
DA:67,1
DA:68,3
DA:70,1
DA:71,2
DA:81,3
DA:82,2
DA:83,1
DA:85,2
DA:86,2
DA:88,1
DA:89,1
DA:90,3
DA:92,1
DA:93,2
DA:103,1
DA:104,2
DA:105,2
DA:106,1
DA:108,2
DA:109,2
DA:111,1
DA:112,1
DA:113,3
DA:115,1
DA:116,2
DA:132,1
DA:134,2
DA:135,2
DA:136,2
DA:137,2
DA:139,1
DA:140,1
DA:141,3
DA:143,1
DA:144,2
DA:149,2
DA:150,1
DA:152,2
DA:153,2
DA:155,1
DA:156,1
DA:157,3
DA:159,1
DA:160,1
DA:161,1
DA:167,2
DA:168,1
DA:170,2
DA:171,2
DA:173,1
DA:174,1
DA:175,3
DA:177,1
DA:178,2
DA:183,2
DA:184,1
DA:186,2
DA:187,2
DA:189,2
LF:82
LH:82
end_of_record
SF:./movie/lib\presentation\bloc\movie\movie_event.dart
DA:4,5
DA:6,0
DA:7,0
DA:18,2
DA:20,0
DA:21,0
DA:26,2
DA:28,0
DA:29,0
DA:37,2
DA:38,0
DA:39,0
DA:45,1
DA:46,0
DA:47,0
DA:53,2
DA:55,0
DA:56,0
LF:18
LH:6
end_of_record
SF:./movie/lib\presentation\bloc\movie\movie_state.dart
DA:4,8
DA:6,1
DA:7,1
DA:17,4
DA:19,1
DA:20,2
DA:26,4
DA:28,1
DA:29,2
DA:35,3
DA:37,1
DA:38,2
DA:44,1
DA:46,1
DA:47,2
DA:53,2
DA:59,3
DA:61,1
DA:62,2
LF:19
LH:19
end_of_record
SF:./movie/lib\presentation\pages\movie_detail_page.dart
DA:19,1
DA:21,1
DA:22,1
DA:26,1
DA:28,1
DA:29,2
DA:30,6
DA:31,1
DA:32,1
DA:33,4
DA:34,1
DA:35,1
DA:36,4
DA:40,1
DA:43,2
DA:44,1
DA:45,1
DA:46,1
DA:48,0
DA:51,2
DA:52,1
DA:53,1
DA:54,1
DA:59,1
DA:60,1
DA:61,1
DA:62,1
DA:66,1
DA:67,1
DA:68,1
DA:69,1
DA:74,0
DA:75,0
DA:76,0
DA:92,1
DA:95,1
DA:97,3
DA:98,1
DA:99,1
DA:100,1
DA:101,3
DA:103,1
DA:106,0
DA:108,1
DA:110,1
DA:111,1
DA:112,1
DA:113,1
DA:123,1
DA:124,1
DA:125,1
DA:127,1
DA:129,1
DA:131,1
DA:132,1
DA:133,2
DA:134,1
DA:136,1
DA:137,1
DA:138,1
DA:140,1
DA:141,3
DA:144,0
DA:145,0
DA:151,1
DA:152,1
DA:153,1
DA:154,1
DA:160,0
DA:167,1
DA:170,0
DA:173,2
DA:174,2
DA:175,1
DA:176,4
DA:178,0
DA:180,0
DA:181,0
DA:182,0
DA:187,1
DA:189,1
DA:190,1
DA:197,1
DA:198,3
DA:200,1
DA:201,3
DA:203,1
DA:204,1
DA:205,1
DA:206,3
DA:208,1
DA:214,4
DA:218,1
DA:220,1
DA:222,1
DA:223,2
DA:226,1
DA:228,1
DA:230,1
DA:231,1
DA:232,1
DA:236,1
DA:237,0
DA:238,1
DA:239,1
DA:241,1
DA:243,1
DA:244,2
DA:245,1
DA:247,1
DA:248,0
DA:249,0
DA:252,0
DA:255,1
DA:260,1
DA:262,2
DA:263,1
DA:269,0
DA:276,2
DA:280,0
DA:288,1
DA:290,1
DA:305,1
DA:307,1
DA:310,1
DA:312,0
DA:313,0
DA:322,1
DA:324,2
DA:325,3
DA:328,1
DA:332,3
DA:335,1
DA:336,1
DA:337,1
DA:339,1
DA:340,1
DA:342,0
LF:138
LH:116
end_of_record
SF:./movie/lib\presentation\pages\popular_movies_page.dart
DA:11,1
DA:13,1
DA:14,1
DA:18,1
DA:20,1
DA:21,1
DA:22,5
DA:25,1
DA:27,1
DA:28,1
DA:31,1
DA:33,1
DA:34,1
DA:35,1
DA:39,1
DA:40,1
DA:41,1
DA:42,2
DA:43,1
DA:45,2
DA:47,1
DA:48,1
DA:50,2
LF:23
LH:23
end_of_record
SF:./movie/lib\presentation\widgets\movie_card_list.dart
DA:12,2
DA:14,2
DA:16,2
DA:18,2
DA:19,0
DA:20,0
DA:23,0
DA:26,2
DA:28,2
DA:29,2
DA:30,2
DA:36,2
DA:38,2
DA:39,2
DA:40,4
DA:43,2
DA:46,2
DA:47,4
DA:55,2
DA:60,2
DA:62,2
DA:63,6
DA:65,2
DA:68,0
LF:24
LH:20
end_of_record
SF:./movie/lib\presentation\pages\top_rated_movies_page.dart
DA:11,1
DA:13,1
DA:14,1
DA:18,1
DA:20,1
DA:21,1
DA:22,5
DA:25,1
DA:27,1
DA:28,1
DA:31,1
DA:33,1
DA:34,1
DA:35,1
DA:39,1
DA:40,1
DA:41,1
DA:42,2
DA:43,1
DA:45,2
DA:47,1
DA:48,1
DA:50,2
LF:23
LH:23
end_of_record
SF:./tv/lib\data\datasources\tv_local_data_source.dart
DA:15,1
DA:17,1
DA:20,2
DA:23,2
DA:27,1
DA:30,2
DA:33,2
DA:37,1
DA:39,2
DA:41,1
DA:47,1
DA:49,2
DA:50,4
LF:13
LH:13
end_of_record
SF:./tv/lib\data\models\tv_table.dart
DA:11,13
DA:18,2
DA:19,1
DA:20,1
DA:21,1
DA:22,1
DA:24,2
DA:25,1
DA:26,1
DA:27,1
DA:28,1
DA:31,0
DA:32,0
DA:33,0
DA:34,0
DA:35,0
DA:38,2
DA:39,1
DA:40,1
DA:41,1
DA:42,1
DA:45,2
DA:46,10
LF:23
LH:18
end_of_record
SF:./tv/lib\domain\entities\season.dart
DA:4,13
DA:16,2
DA:17,2
DA:18,2
DA:19,2
DA:20,2
DA:21,2
LF:7
LH:7
end_of_record
SF:./tv/lib\domain\entities\tv.dart
DA:5,13
DA:21,2
DA:42,4
DA:43,4
DA:44,4
DA:45,4
DA:46,4
DA:47,4
DA:48,4
DA:49,4
DA:50,4
DA:51,4
DA:52,4
DA:53,4
DA:54,4
DA:55,4
DA:56,4
LF:17
LH:17
end_of_record
SF:./tv/lib\domain\entities\tv_detail.dart
DA:6,13
DA:26,2
DA:27,2
DA:28,2
DA:29,2
DA:30,2
DA:31,2
DA:32,2
DA:33,2
DA:34,2
DA:35,2
LF:11
LH:11
end_of_record
SF:./tv/lib\data\datasources\db\tv_database_helper.dart
DA:6,0
DA:10,0
DA:11,0
DA:15,0
DA:16,0
DA:22,0
DA:23,0
DA:24,0
DA:26,0
DA:30,0
DA:31,0
DA:38,0
DA:41,0
DA:42,0
DA:43,0
DA:46,0
DA:47,0
DA:48,0
DA:51,0
DA:55,0
DA:56,0
DA:57,0
DA:60,0
DA:63,0
DA:64,0
DA:70,0
DA:71,0
DA:72,0
LF:28
LH:0
end_of_record
SF:./tv/lib\data\datasources\tv_remote_data_source.dart
DA:26,1
DA:28,1
DA:31,4
DA:33,2
DA:34,4
DA:36,1
DA:40,1
DA:42,4
DA:44,2
DA:45,4
DA:47,1
DA:51,1
DA:54,4
DA:56,2
DA:57,4
DA:59,1
DA:63,1
DA:65,4
DA:67,2
DA:68,3
DA:70,1
DA:74,1
DA:77,4
DA:79,2
DA:80,4
DA:82,1
DA:86,1
DA:89,4
DA:91,2
DA:92,4
DA:94,1
LF:31
LH:31
end_of_record
SF:./tv/lib\data\models\tv_detail_model.dart
DA:7,2
DA:27,1
DA:28,1
DA:29,1
DA:30,1
DA:31,1
DA:32,1
DA:33,1
DA:34,1
DA:35,1
DA:36,4
DA:37,1
DA:38,4
DA:41,0
DA:42,0
DA:43,0
DA:44,0
DA:45,0
DA:46,0
DA:47,0
DA:48,0
DA:49,0
DA:52,1
DA:53,1
DA:54,1
DA:55,1
DA:56,1
DA:57,1
DA:58,1
DA:59,1
DA:60,5
DA:61,5
DA:65,1
DA:66,1
DA:67,1
DA:68,1
DA:69,1
DA:70,1
DA:71,1
DA:72,1
DA:73,1
DA:74,1
LF:42
LH:33
end_of_record
SF:./tv/lib\data\models\tv_model.dart
DA:5,5
DA:35,4
DA:36,2
DA:37,2
DA:38,8
DA:39,2
DA:40,2
DA:41,8
DA:42,2
DA:43,2
DA:44,2
DA:45,4
DA:46,2
DA:47,4
DA:48,2
DA:51,2
DA:52,1
DA:53,1
DA:54,4
DA:55,1
DA:56,1
DA:57,4
DA:58,1
DA:59,1
DA:60,1
DA:61,1
DA:62,1
DA:63,1
DA:64,1
DA:67,2
DA:68,2
DA:69,2
DA:70,2
DA:71,2
DA:72,2
DA:73,2
DA:74,2
DA:75,2
DA:76,2
DA:77,2
DA:78,2
DA:79,2
DA:80,2
DA:81,2
DA:85,2
DA:86,2
DA:87,2
DA:88,2
DA:89,2
DA:90,2
DA:91,2
DA:92,2
DA:93,2
DA:94,2
DA:95,2
DA:96,2
DA:97,2
DA:98,2
DA:99,2
LF:59
LH:59
end_of_record
SF:./tv/lib\data\models\tv_response.dart
DA:7,3
DA:9,4
DA:10,4
DA:11,6
DA:12,6
DA:15,2
DA:16,5
DA:19,1
DA:20,2
LF:9
LH:9
end_of_record
SF:./tv/lib\data\models\season_model.dart
DA:5,2
DA:17,2
DA:18,1
DA:19,1
DA:20,1
DA:21,1
DA:24,0
DA:25,0
DA:26,0
DA:29,1
DA:30,1
DA:31,1
DA:32,1
DA:33,1
DA:34,1
DA:38,1
DA:39,1
DA:40,1
DA:41,1
DA:42,1
DA:43,1
LF:21
LH:18
end_of_record
SF:./tv/lib\data\repositories\tv_repository_impl.dart
DA:17,1
DA:22,1
DA:25,2
DA:26,5
DA:27,1
DA:29,1
DA:34,1
DA:37,2
DA:38,5
DA:39,1
DA:41,1
DA:46,1
DA:49,2
DA:50,5
DA:51,1
DA:53,1
DA:58,1
DA:61,2
DA:62,2
DA:63,1
DA:65,1
DA:70,1
DA:73,2
DA:74,3
DA:75,1
DA:77,1
DA:82,1
DA:85,2
DA:86,5
DA:87,1
DA:89,1
DA:94,1
DA:98,3
DA:99,1
DA:100,1
DA:101,3
DA:107,1
DA:111,3
DA:112,1
DA:113,1
DA:114,3
DA:118,1
DA:120,2
DA:124,1
DA:126,2
DA:127,5
LF:46
LH:46
end_of_record
SF:./tv/lib\domain\usecases\get_now_playing_tv.dart
DA:9,1
DA:11,1
DA:12,2
LF:3
LH:3
end_of_record
SF:./tv/lib\domain\usecases\get_popular_tv.dart
DA:9,1
DA:11,1
DA:12,2
LF:3
LH:3
end_of_record
SF:./tv/lib\domain\usecases\get_top_rated_tv.dart
DA:9,1
DA:11,1
DA:12,2
LF:3
LH:3
end_of_record
SF:./tv/lib\domain\usecases\get_tv_detail.dart
DA:9,1
DA:11,1
DA:12,2
LF:3
LH:3
end_of_record
SF:./tv/lib\domain\usecases\get_tv_recommendation.dart
DA:9,1
DA:11,1
DA:12,2
LF:3
LH:3
end_of_record
SF:./tv/lib\domain\usecases\get_watchlist_tv_status.dart
DA:6,1
DA:8,1
DA:9,2
LF:3
LH:3
end_of_record
SF:./tv/lib\domain\usecases\get_watchlist_tv.dart
DA:9,1
DA:11,1
DA:12,2
LF:3
LH:3
end_of_record
SF:./tv/lib\domain\usecases\search_tv.dart
DA:9,1
DA:11,1
DA:12,2
LF:3
LH:3
end_of_record
SF:./tv/lib\domain\usecases\tv_remove_watchlist.dart
DA:9,1
DA:11,1
DA:12,2
LF:3
LH:3
end_of_record
SF:./tv/lib\domain\usecases\tv_save_watchlist.dart
DA:9,1
DA:11,1
DA:12,2
LF:3
LH:3
end_of_record
SF:./tv/lib\presentation\bloc\search\tv_search_state.dart
DA:4,1
DA:6,1
DA:7,1
DA:17,0
DA:19,0
DA:20,0
DA:26,1
DA:28,1
DA:29,2
LF:9
LH:6
end_of_record
SF:./tv/lib\presentation\bloc\search\tv_search_event.dart
DA:4,1
DA:6,0
DA:7,0
DA:12,1
DA:14,0
DA:15,0
LF:6
LH:2
end_of_record
SF:./tv/lib\presentation\bloc\search\tv_search_bloc.dart
DA:13,3
DA:14,2
DA:15,1
DA:17,2
DA:18,2
DA:20,1
DA:21,0
DA:22,0
DA:24,1
DA:25,2
DA:28,1
DA:30,1
DA:31,3
LF:13
LH:11
end_of_record
SF:./tv/lib\presentation\provider\tv_detail_notifier.dart
DA:21,1
DA:30,2
DA:33,2
DA:36,2
DA:39,2
DA:42,2
DA:45,2
DA:47,1
DA:48,1
DA:49,1
DA:50,2
DA:51,2
DA:52,1
DA:53,1
DA:54,1
DA:55,2
DA:56,1
DA:58,1
DA:59,1
DA:60,1
DA:61,1
DA:62,1
DA:63,1
DA:64,1
DA:65,2
DA:67,1
DA:68,1
DA:69,1
DA:72,1
DA:73,1
DA:79,2
DA:81,1
DA:82,2
DA:84,1
DA:85,1
DA:86,2
DA:88,1
DA:89,1
DA:93,2
DA:96,1
DA:97,2
DA:99,1
DA:100,0
DA:101,0
DA:103,1
DA:104,1
DA:108,2
DA:111,1
DA:112,2
DA:113,1
DA:114,1
LF:51
LH:49
end_of_record
SF:./tv/lib\presentation\provider\top_rated_tv_notifier.dart
DA:9,1
DA:12,2
DA:15,2
DA:18,2
DA:20,1
DA:21,1
DA:22,1
DA:24,2
DA:26,1
DA:27,1
DA:28,2
DA:29,1
DA:30,1
DA:32,1
DA:33,1
DA:34,1
DA:35,1
LF:17
LH:17
end_of_record
SF:./tv/lib\presentation\provider\popular_tv_notifier.dart
DA:9,1
DA:12,2
DA:15,2
DA:18,2
DA:20,1
DA:21,1
DA:22,1
DA:24,2
DA:26,1
DA:27,1
DA:28,2
DA:29,1
DA:30,1
DA:32,1
DA:33,1
DA:34,1
DA:35,1
LF:17
LH:17
end_of_record
SF:./tv/lib\presentation\bloc\tv\bloc\tv_state.dart
DA:4,8
DA:6,1
DA:7,1
DA:17,4
DA:19,1
DA:20,2
DA:26,4
DA:28,1
DA:29,2
DA:35,3
DA:37,1
DA:38,2
DA:44,1
DA:46,1
DA:47,2
DA:53,2
DA:59,3
DA:61,1
DA:62,2
LF:19
LH:19
end_of_record
SF:./tv/lib\presentation\bloc\tv\bloc\tv_event.dart
DA:4,5
DA:6,0
DA:7,0
DA:18,2
DA:20,0
DA:21,0
DA:26,2
DA:28,0
DA:29,0
DA:37,2
DA:38,0
DA:39,0
DA:45,1
DA:46,0
DA:47,0
DA:53,2
DA:55,0
DA:56,0
LF:18
LH:6
end_of_record
SF:./tv/lib\presentation\bloc\tv\bloc\tv_bloc.dart
DA:21,3
DA:22,2
DA:23,2
DA:24,2
DA:26,1
DA:27,1
DA:28,3
DA:30,1
DA:31,2
DA:41,3
DA:42,2
DA:43,2
DA:44,2
DA:46,1
DA:47,1
DA:48,3
DA:50,1
DA:51,2
DA:61,3
DA:62,2
DA:63,2
DA:64,2
DA:66,1
DA:67,1
DA:68,3
DA:70,1
DA:71,2
DA:81,3
DA:82,2
DA:83,1
DA:85,2
DA:86,2
DA:88,1
DA:89,1
DA:90,3
DA:92,1
DA:93,2
DA:103,3
DA:104,2
DA:105,1
DA:107,2
DA:108,2
DA:110,1
DA:111,1
DA:112,3
DA:114,1
DA:115,2
DA:131,1
DA:133,2
DA:134,2
DA:135,2
DA:136,2
DA:138,1
DA:139,1
DA:140,3
DA:142,1
DA:143,2
DA:148,2
DA:149,1
DA:151,2
DA:152,2
DA:154,1
DA:155,1
DA:156,3
DA:158,1
DA:159,1
DA:160,1
DA:166,2
DA:167,1
DA:169,2
DA:170,2
DA:172,1
DA:173,1
DA:174,3
DA:176,1
DA:177,2
DA:182,2
DA:183,1
DA:185,2
DA:186,2
DA:188,2
LF:81
LH:81
end_of_record
SF:./tv/lib\presentation\pages\popular_tv_page.dart
DA:11,1
DA:13,1
DA:14,1
DA:18,1
DA:20,1
DA:21,1
DA:22,5
DA:26,1
DA:28,1
DA:29,1
DA:32,1
DA:34,1
DA:35,1
DA:36,1
DA:40,1
DA:41,1
DA:42,1
DA:43,2
DA:44,1
DA:46,2
DA:48,1
DA:49,1
DA:51,2
LF:23
LH:23
end_of_record
SF:./tv/lib\presentation\widgets\tv_card_list.dart
DA:10,2
DA:12,2
DA:14,2
DA:16,2
DA:17,0
DA:18,0
DA:21,0
DA:24,2
DA:26,2
DA:27,2
DA:28,2
DA:34,2
DA:36,2
DA:37,2
DA:38,4
DA:41,2
DA:44,2
DA:45,4
DA:53,2
DA:58,2
DA:60,2
DA:61,6
DA:63,2
DA:66,0
LF:24
LH:20
end_of_record
SF:./tv/lib\presentation\pages\tv_detail_page.dart
DA:18,1
DA:20,1
DA:21,1
DA:25,1
DA:27,1
DA:28,2
DA:29,6
DA:30,6
DA:31,1
DA:32,1
DA:33,4
DA:37,1
DA:40,2
DA:41,1
DA:42,1
DA:43,1
DA:45,0
DA:48,2
DA:49,1
DA:50,1
DA:51,1
DA:56,1
DA:57,1
DA:58,1
DA:59,1
DA:63,1
DA:64,1
DA:65,1
DA:66,1
DA:71,0
DA:72,0
DA:73,0
DA:89,1
DA:92,1
DA:94,3
DA:95,1
DA:96,1
DA:97,1
DA:98,3
DA:100,1
DA:103,0
DA:105,1
DA:107,1
DA:108,1
DA:109,1
DA:110,1
DA:120,1
DA:121,1
DA:122,1
DA:124,1
DA:126,1
DA:128,1
DA:129,1
DA:130,2
DA:131,1
DA:133,1
DA:134,1
DA:135,1
DA:137,1
DA:138,3
DA:141,0
DA:142,0
DA:148,1
DA:149,1
DA:151,1
DA:152,1
DA:158,0
DA:165,1
DA:168,0
DA:171,2
DA:172,2
DA:173,1
DA:174,4
DA:176,0
DA:178,0
DA:179,0
DA:180,0
DA:185,1
DA:187,1
DA:188,1
DA:195,1
DA:196,3
DA:198,1
DA:199,1
DA:200,1
DA:201,3
DA:203,1
DA:209,4
DA:213,1
DA:215,1
DA:217,1
DA:218,2
DA:221,1
DA:223,1
DA:225,1
DA:227,1
DA:229,3
DA:230,1
DA:231,4
DA:232,1
DA:233,1
DA:234,1
DA:236,1
DA:241,1
DA:243,5
DA:244,1
DA:250,0
DA:255,1
DA:258,1
DA:259,1
DA:260,10
DA:266,0
DA:267,0
DA:268,0
DA:270,0
DA:275,0
DA:278,0
DA:281,0
DA:282,0
DA:283,0
DA:295,1
DA:297,1
DA:299,1
DA:300,1
DA:301,1
DA:305,1
DA:306,0
DA:307,1
DA:308,1
DA:310,1
DA:312,1
DA:313,2
DA:314,1
DA:316,1
DA:317,0
DA:318,0
DA:321,0
DA:324,1
DA:329,1
DA:331,2
DA:332,1
DA:338,0
DA:345,2
DA:349,0
DA:357,1
DA:359,1
DA:372,1
DA:374,1
DA:377,1
DA:379,0
DA:380,0
DA:389,1
DA:391,2
DA:392,3
DA:395,1
DA:399,3
LF:156
LH:125
end_of_record
SF:./tv/lib\presentation\provider\tv_list_notifier.dart
DA:10,2
DA:13,2
DA:16,2
DA:19,2
DA:22,2
DA:25,2
DA:28,2
DA:30,1
DA:40,1
DA:41,1
DA:42,1
DA:44,2
DA:45,1
DA:46,1
DA:47,1
DA:48,2
DA:49,1
DA:51,1
DA:52,1
DA:53,1
DA:54,1
DA:59,1
DA:60,1
DA:61,1
DA:63,2
DA:64,1
DA:65,1
DA:66,1
DA:67,2
DA:68,1
DA:70,1
DA:71,1
DA:72,1
DA:73,1
DA:78,1
DA:79,1
DA:80,1
DA:82,2
DA:83,2
DA:84,1
DA:85,2
DA:86,1
DA:87,1
DA:88,1
DA:89,1
DA:90,1
LF:46
LH:46
end_of_record
SF:./tv/lib\presentation\pages\top_rated_tv_page.dart
DA:11,1
DA:13,1
DA:14,1
DA:18,1
DA:20,1
DA:21,1
DA:22,5
DA:25,1
DA:27,1
DA:28,1
DA:31,1
DA:33,1
DA:34,1
DA:35,1
DA:39,1
DA:40,1
DA:41,1
DA:42,2
DA:43,1
DA:45,2
DA:47,1
DA:48,1
DA:50,2
LF:23
LH:23
end_of_record
SF:./tv/lib\presentation\provider\tv_search_notifier.dart
DA:9,1
DA:12,2
DA:15,2
DA:18,2
DA:20,1
DA:21,1
DA:22,1
DA:24,2
DA:25,1
DA:26,1
DA:27,2
DA:28,1
DA:29,1
DA:31,1
DA:32,1
DA:33,1
DA:34,1
LF:17
LH:17
end_of_record
SF:./tv/lib\presentation\provider\watchlist_tv_notifier.dart
DA:8,2
DA:11,2
DA:14,2
DA:16,1
DA:20,1
DA:21,1
DA:22,1
DA:24,2
DA:25,1
DA:26,1
DA:27,1
DA:28,2
DA:29,1
DA:31,1
DA:32,1
DA:33,1
DA:34,1
LF:17
LH:17
end_of_record
